{"H:\\projects\\infertest\\vue-todos\\src\\App.vue": {"path":"H:\\projects\\infertest\\vue-todos\\src\\App.vue","statementMap":{"0":{"start":{"line":6,"column":0},"end":{"line":6,"column":null}}},"fnMap":{},"branchMap":{},"s":{"0":0},"f":{},"b":{}}
,"H:\\projects\\infertest\\vue-todos\\src\\main.js": {"path":"H:\\projects\\infertest\\vue-todos\\src\\main.js","statementMap":{"0":{"start":{"line":5,"column":0},"end":{"line":5,"column":33}},"1":{"start":{"line":7,"column":0},"end":{"line":10,"column":18}},"2":{"start":{"line":9,"column":15},"end":{"line":9,"column":21}}},"fnMap":{"0":{"name":"(anonymous_0)","decl":{"start":{"line":9,"column":10},"end":{"line":9,"column":11}},"loc":{"start":{"line":9,"column":15},"end":{"line":9,"column":21}},"line":9}},"branchMap":{},"s":{"0":0,"1":0,"2":0},"f":{"0":0},"b":{},"hash":"7761add4ae4e94aafcd548a38b178e6fd2a47cf2"}
,"H:\\projects\\infertest\\vue-todos\\src\\components\\CreateTodo.vue": {"path":"H:\\projects\\infertest\\vue-todos\\src\\components\\CreateTodo.vue","statementMap":{"0":{"start":{"line":15,"column":0},"end":{"line":15,"column":null}},"1":{"start":{"line":21,"column":0},"end":{"line":23,"column":null}},"2":{"start":{"line":22,"column":0},"end":{"line":22,"column":null}},"3":{"start":{"line":24,"column":0},"end":{"line":24,"column":null}}},"fnMap":{"0":{"name":"(anonymous_1)","decl":{"start":{"line":14,"column":0},"end":{"line":14,"column":null}},"loc":{"start":{"line":14,"column":0},"end":{"line":18,"column":null}}},"1":{"name":"(anonymous_2)","decl":{"start":{"line":20,"column":0},"end":{"line":20,"column":null}},"loc":{"start":{"line":20,"column":0},"end":{"line":25,"column":null}}}},"branchMap":{"0":{"loc":{"start":{"line":21,"column":0},"end":{"line":23,"column":null}},"type":"if","locations":[{"start":{"line":21,"column":0},"end":{"line":23,"column":null}},{"start":{"line":21,"column":0},"end":{"line":23,"column":null}}]}},"s":{"0":2,"1":2,"2":1,"3":2},"f":{"0":2,"1":2},"b":{"0":[1,1]}}
,"H:\\projects\\infertest\\vue-todos\\src\\components\\NavBar.vue": {"path":"H:\\projects\\infertest\\vue-todos\\src\\components\\NavBar.vue","statementMap":{"0":{"start":{"line":1,"column":1},"end":{"line":18,"column":4}},"1":{"start":{"line":19,"column":20},"end":{"line":19,"column":89}},"2":{"start":{"line":19,"column":114},"end":{"line":19,"column":187}},"3":{"start":{"line":20,"column":0},"end":{"line":20,"column":614}},"4":{"start":{"line":20,"column":54},"end":{"line":20,"column":58}},"5":{"start":{"line":20,"column":66},"end":{"line":20,"column":84}},"6":{"start":{"line":20,"column":92},"end":{"line":20,"column":108}},"7":{"start":{"line":20,"column":109},"end":{"line":20,"column":613}},"8":{"start":{"line":21,"column":0},"end":{"line":21,"column":37}}},"fnMap":{"0":{"name":"(anonymous_0)","decl":{"start":{"line":1,"column":2},"end":{"line":1,"column":3}},"loc":{"start":{"line":1,"column":12},"end":{"line":18,"column":1}},"line":1},"1":{"name":"render","decl":{"start":{"line":20,"column":35},"end":{"line":20,"column":41}},"loc":{"start":{"line":20,"column":45},"end":{"line":20,"column":614}},"line":20}},"branchMap":{"0":{"loc":{"start":{"line":19,"column":20},"end":{"line":19,"column":89}},"type":"cond-expr","locations":[{"start":{"line":19,"column":50},"end":{"line":19,"column":72}},{"start":{"line":19,"column":75},"end":{"line":19,"column":89}}],"line":19},"1":{"loc":{"start":{"line":19,"column":114},"end":{"line":19,"column":187}},"type":"cond-expr","locations":[{"start":{"line":19,"column":151},"end":{"line":19,"column":172}},{"start":{"line":19,"column":174},"end":{"line":19,"column":187}}],"line":19},"2":{"loc":{"start":{"line":20,"column":92},"end":{"line":20,"column":108}},"type":"binary-expr","locations":[{"start":{"line":20,"column":92},"end":{"line":20,"column":104}},{"start":{"line":20,"column":106},"end":{"line":20,"column":108}}],"line":20}},"s":{"0":1,"1":1,"2":1,"3":1,"4":3,"5":3,"6":3,"7":3,"8":1},"f":{"0":1,"1":3},"b":{"0":[0,1],"1":[0,1],"2":[3,0]},"_coverageSchema":"43e27e138ebf9cfc5966b082cf9a028302ed4184","hash":"8114d4cd5d772d35fb1e2079b33f92a8fa99c981"}
,"H:\\projects\\infertest\\vue-todos\\src\\components\\Todo.vue": {"path":"H:\\projects\\infertest\\vue-todos\\src\\components\\Todo.vue","statementMap":{"0":{"start":{"line":40,"column":0},"end":{"line":40,"column":null}},"1":{"start":{"line":52,"column":0},"end":{"line":58,"column":null}},"2":{"start":{"line":53,"column":0},"end":{"line":53,"column":null}},"3":{"start":{"line":55,"column":0},"end":{"line":55,"column":null}},"4":{"start":{"line":56,"column":0},"end":{"line":56,"column":null}},"5":{"start":{"line":57,"column":0},"end":{"line":57,"column":null}},"6":{"start":{"line":61,"column":0},"end":{"line":61,"column":null}},"7":{"start":{"line":62,"column":0},"end":{"line":62,"column":null}}},"fnMap":{"0":{"name":"(anonymous_1)","decl":{"start":{"line":39,"column":0},"end":{"line":39,"column":null}},"loc":{"start":{"line":39,"column":0},"end":{"line":44,"column":null}}},"1":{"name":"(anonymous_2)","decl":{"start":{"line":51,"column":0},"end":{"line":51,"column":null}},"loc":{"start":{"line":51,"column":0},"end":{"line":59,"column":null}}},"2":{"name":"(anonymous_3)","decl":{"start":{"line":57,"column":0},"end":{"line":57,"column":null}},"loc":{"start":{"line":57,"column":0},"end":{"line":57,"column":null}}},"3":{"name":"(anonymous_4)","decl":{"start":{"line":60,"column":0},"end":{"line":60,"column":null}},"loc":{"start":{"line":60,"column":0},"end":{"line":63,"column":null}}}},"branchMap":{"0":{"loc":{"start":{"line":52,"column":0},"end":{"line":58,"column":null}},"type":"if","locations":[{"start":{"line":52,"column":0},"end":{"line":58,"column":null}},{"start":{"line":52,"column":0},"end":{"line":58,"column":null}}]}},"s":{"0":6,"1":2,"2":1,"3":1,"4":1,"5":2,"6":1,"7":1},"f":{"0":6,"1":2,"2":1,"3":1},"b":{"0":[1,1]}}
,"H:\\projects\\infertest\\vue-todos\\src\\components\\TodoList.vue": {"path":"H:\\projects\\infertest\\vue-todos\\src\\components\\TodoList.vue","statementMap":{"0":{"start":{"line":31,"column":0},"end":{"line":31,"column":null}},"1":{"start":{"line":32,"column":0},"end":{"line":32,"column":null}},"2":{"start":{"line":41,"column":0},"end":{"line":41,"column":null}},"3":{"start":{"line":43,"column":0},"end":{"line":43,"column":null}},"4":{"start":{"line":45,"column":0},"end":{"line":45,"column":null}},"5":{"start":{"line":47,"column":0},"end":{"line":47,"column":null}},"6":{"start":{"line":52,"column":0},"end":{"line":58,"column":null}},"7":{"start":{"line":53,"column":0},"end":{"line":57,"column":null}},"8":{"start":{"line":54,"column":0},"end":{"line":54,"column":null}},"9":{"start":{"line":56,"column":0},"end":{"line":56,"column":null}},"10":{"start":{"line":61,"column":0},"end":{"line":61,"column":null}},"11":{"start":{"line":67,"column":0},"end":{"line":67,"column":null}},"12":{"start":{"line":68,"column":0},"end":{"line":68,"column":null}},"13":{"start":{"line":71,"column":0},"end":{"line":71,"column":null}},"14":{"start":{"line":72,"column":0},"end":{"line":72,"column":null}},"15":{"start":{"line":75,"column":0},"end":{"line":75,"column":null}},"16":{"start":{"line":76,"column":0},"end":{"line":76,"column":null}},"17":{"start":{"line":79,"column":0},"end":{"line":79,"column":null}},"18":{"start":{"line":80,"column":0},"end":{"line":80,"column":null}},"19":{"start":{"line":83,"column":0},"end":{"line":83,"column":null}},"20":{"start":{"line":84,"column":0},"end":{"line":84,"column":null}}},"fnMap":{"0":{"name":"(anonymous_1)","decl":{"start":{"line":40,"column":0},"end":{"line":40,"column":null}},"loc":{"start":{"line":40,"column":0},"end":{"line":49,"column":null}}},"1":{"name":"(anonymous_2)","decl":{"start":{"line":43,"column":0},"end":{"line":43,"column":null}},"loc":{"start":{"line":43,"column":0},"end":{"line":43,"column":null}}},"2":{"name":"(anonymous_3)","decl":{"start":{"line":45,"column":0},"end":{"line":45,"column":null}},"loc":{"start":{"line":45,"column":0},"end":{"line":45,"column":null}}},"3":{"name":"(anonymous_4)","decl":{"start":{"line":51,"column":0},"end":{"line":51,"column":null}},"loc":{"start":{"line":51,"column":0},"end":{"line":59,"column":null}}},"4":{"name":"(anonymous_5)","decl":{"start":{"line":60,"column":0},"end":{"line":60,"column":null}},"loc":{"start":{"line":60,"column":0},"end":{"line":64,"column":null}}},"5":{"name":"(anonymous_6)","decl":{"start":{"line":66,"column":0},"end":{"line":66,"column":null}},"loc":{"start":{"line":66,"column":0},"end":{"line":69,"column":null}}},"6":{"name":"(anonymous_7)","decl":{"start":{"line":70,"column":0},"end":{"line":70,"column":null}},"loc":{"start":{"line":70,"column":0},"end":{"line":73,"column":null}}},"7":{"name":"(anonymous_8)","decl":{"start":{"line":74,"column":0},"end":{"line":74,"column":null}},"loc":{"start":{"line":74,"column":0},"end":{"line":77,"column":null}}},"8":{"name":"(anonymous_9)","decl":{"start":{"line":75,"column":0},"end":{"line":75,"column":null}},"loc":{"start":{"line":75,"column":0},"end":{"line":75,"column":null}}},"9":{"name":"(anonymous_10)","decl":{"start":{"line":78,"column":0},"end":{"line":78,"column":null}},"loc":{"start":{"line":78,"column":0},"end":{"line":81,"column":null}}},"10":{"name":"(anonymous_11)","decl":{"start":{"line":82,"column":0},"end":{"line":82,"column":null}},"loc":{"start":{"line":82,"column":0},"end":{"line":85,"column":null}}}},"branchMap":{"0":{"loc":{"start":{"line":42,"column":0},"end":{"line":43,"column":null}},"type":"switch","locations":[{"start":{"line":42,"column":0},"end":{"line":43,"column":null}},{"start":{"line":44,"column":0},"end":{"line":45,"column":null}},{"start":{"line":46,"column":0},"end":{"line":47,"column":null}}]},"1":{"loc":{"start":{"line":52,"column":0},"end":{"line":58,"column":null}},"type":"if","locations":[{"start":{"line":52,"column":0},"end":{"line":58,"column":null}},{"start":{"line":52,"column":0},"end":{"line":58,"column":null}}]}},"s":{"0":1,"1":1,"2":20,"3":0,"4":0,"5":20,"6":9,"7":5,"8":5,"9":0,"10":9,"11":1,"12":1,"13":1,"14":1,"15":2,"16":1,"17":1,"18":1,"19":4,"20":4},"f":{"0":20,"1":0,"2":0,"3":9,"4":9,"5":1,"6":1,"7":1,"8":1,"9":1,"10":4},"b":{"0":[0,0,20],"1":[5,4]}}
,"H:\\projects\\infertest\\vue-todos\\src\\routes\\index.js": {"path":"H:\\projects\\infertest\\vue-todos\\src\\routes\\index.js","statementMap":{"0":{"start":{"line":7,"column":0},"end":{"line":7,"column":19}},"1":{"start":{"line":9,"column":15},"end":{"line":15,"column":2}}},"fnMap":{},"branchMap":{},"s":{"0":0,"1":0},"f":{},"b":{},"hash":"f01284df69fc5c84b2d8c15b90a4721781ead384"}
,"H:\\projects\\infertest\\vue-todos\\src\\routes\\DoneList\\DoneList.vue": {"path":"H:\\projects\\infertest\\vue-todos\\src\\routes\\DoneList\\DoneList.vue","statementMap":{"0":{"start":{"line":6,"column":0},"end":{"line":6,"column":null}}},"fnMap":{},"branchMap":{},"s":{"0":0},"f":{},"b":{}}
,"H:\\projects\\infertest\\vue-todos\\src\\routes\\ModifyList\\ModifyList.vue": {"path":"H:\\projects\\infertest\\vue-todos\\src\\routes\\ModifyList\\ModifyList.vue","statementMap":{"0":{"start":{"line":6,"column":0},"end":{"line":6,"column":null}}},"fnMap":{},"branchMap":{},"s":{"0":0},"f":{},"b":{}}
,"H:\\projects\\infertest\\vue-todos\\src\\routes\\TodosList\\TodosList.vue": {"path":"H:\\projects\\infertest\\vue-todos\\src\\routes\\TodosList\\TodosList.vue","statementMap":{"0":{"start":{"line":6,"column":0},"end":{"line":6,"column":null}}},"fnMap":{},"branchMap":{},"s":{"0":0},"f":{},"b":{}}
,"H:\\projects\\infertest\\vue-todos\\src\\views\\DefaultLayout.vue": {"path":"H:\\projects\\infertest\\vue-todos\\src\\views\\DefaultLayout.vue","statementMap":{"0":{"start":{"line":9,"column":0},"end":{"line":9,"column":null}}},"fnMap":{},"branchMap":{},"s":{"0":0},"f":{},"b":{}}
}
