TN:
SF:H:\projects\infertest\vue-todos\src\App.vue
FNF:0
FNH:0
DA:6,0
LF:1
LH:0
BRF:0
BRH:0
end_of_record
TN:
SF:H:\projects\infertest\vue-todos\src\main.js
FN:9,(anonymous_0)
FNF:1
FNH:0
FNDA:0,(anonymous_0)
DA:5,0
DA:7,0
DA:9,0
LF:3
LH:0
BRF:0
BRH:0
end_of_record
TN:
SF:H:\projects\infertest\vue-todos\src\components\CreateTodo.vue
FN:14,(anonymous_1)
FN:20,(anonymous_2)
FNF:2
FNH:2
FNDA:2,(anonymous_1)
FNDA:2,(anonymous_2)
DA:15,2
DA:21,2
DA:22,1
DA:24,2
LF:4
LH:4
BRDA:21,0,0,1
BRDA:21,0,1,1
BRF:2
BRH:2
end_of_record
TN:
SF:H:\projects\infertest\vue-todos\src\components\NavBar.vue
FN:1,(anonymous_0)
FN:20,render
FNF:2
FNH:2
FNDA:1,(anonymous_0)
FNDA:3,render
DA:1,1
DA:19,1
DA:20,3
DA:21,1
LF:4
LH:4
BRDA:19,0,0,0
BRDA:19,0,1,1
BRDA:19,1,0,0
BRDA:19,1,1,1
BRDA:20,2,0,3
BRDA:20,2,1,0
BRF:6
BRH:3
end_of_record
TN:
SF:H:\projects\infertest\vue-todos\src\components\Todo.vue
FN:39,(anonymous_1)
FN:51,(anonymous_2)
FN:57,(anonymous_3)
FN:60,(anonymous_4)
FNF:4
FNH:4
FNDA:6,(anonymous_1)
FNDA:2,(anonymous_2)
FNDA:1,(anonymous_3)
FNDA:1,(anonymous_4)
DA:40,6
DA:52,2
DA:53,1
DA:55,1
DA:56,1
DA:57,2
DA:61,1
DA:62,1
LF:8
LH:8
BRDA:52,0,0,1
BRDA:52,0,1,1
BRF:2
BRH:2
end_of_record
TN:
SF:H:\projects\infertest\vue-todos\src\components\TodoList.vue
FN:40,(anonymous_1)
FN:43,(anonymous_2)
FN:45,(anonymous_3)
FN:51,(anonymous_4)
FN:60,(anonymous_5)
FN:66,(anonymous_6)
FN:70,(anonymous_7)
FN:74,(anonymous_8)
FN:75,(anonymous_9)
FN:78,(anonymous_10)
FN:82,(anonymous_11)
FNF:11
FNH:9
FNDA:20,(anonymous_1)
FNDA:0,(anonymous_2)
FNDA:0,(anonymous_3)
FNDA:9,(anonymous_4)
FNDA:9,(anonymous_5)
FNDA:1,(anonymous_6)
FNDA:1,(anonymous_7)
FNDA:1,(anonymous_8)
FNDA:1,(anonymous_9)
FNDA:1,(anonymous_10)
FNDA:4,(anonymous_11)
DA:31,1
DA:32,1
DA:41,20
DA:43,0
DA:45,0
DA:47,20
DA:52,9
DA:53,5
DA:54,5
DA:56,0
DA:61,9
DA:67,1
DA:68,1
DA:71,1
DA:72,1
DA:75,2
DA:76,1
DA:79,1
DA:80,1
DA:83,4
DA:84,4
LF:21
LH:18
BRDA:42,0,0,0
BRDA:42,0,1,0
BRDA:42,0,2,20
BRDA:52,1,0,5
BRDA:52,1,1,4
BRF:5
BRH:3
end_of_record
TN:
SF:H:\projects\infertest\vue-todos\src\routes\index.js
FNF:0
FNH:0
DA:7,0
DA:9,0
LF:2
LH:0
BRF:0
BRH:0
end_of_record
TN:
SF:H:\projects\infertest\vue-todos\src\routes\DoneList\DoneList.vue
FNF:0
FNH:0
DA:6,0
LF:1
LH:0
BRF:0
BRH:0
end_of_record
TN:
SF:H:\projects\infertest\vue-todos\src\routes\ModifyList\ModifyList.vue
FNF:0
FNH:0
DA:6,0
LF:1
LH:0
BRF:0
BRH:0
end_of_record
TN:
SF:H:\projects\infertest\vue-todos\src\routes\TodosList\TodosList.vue
FNF:0
FNH:0
DA:6,0
LF:1
LH:0
BRF:0
BRH:0
end_of_record
TN:
SF:H:\projects\infertest\vue-todos\src\views\DefaultLayout.vue
FNF:0
FNH:0
DA:9,0
LF:1
LH:0
BRF:0
BRH:0
end_of_record
